  maze.cpp
D:\Dmet\OpenGLCourseApp-Triangle\OpenGLCourseApp\OpenGLCourseApp\maze.cpp(96,12): warning C4244: '=': conversion from 'int' to 'float', possible loss of data
D:\Dmet\OpenGLCourseApp-Triangle\OpenGLCourseApp\OpenGLCourseApp\maze.cpp(132,29): warning C4244: '=': conversion from 'double' to 'float', possible loss of data
D:\Dmet\OpenGLCourseApp-Triangle\OpenGLCourseApp\OpenGLCourseApp\maze.cpp(244,19): warning C4244: 'argument': conversion from 'int' to 'GLfloat', possible loss of data
D:\Dmet\OpenGLCourseApp-Triangle\OpenGLCourseApp\OpenGLCourseApp\maze.cpp(244,16): warning C4244: 'argument': conversion from 'int' to 'GLfloat', possible loss of data
D:\Dmet\OpenGLCourseApp-Triangle\OpenGLCourseApp\OpenGLCourseApp\maze.cpp(244,13): warning C4244: 'argument': conversion from 'int' to 'GLfloat', possible loss of data
D:\Dmet\OpenGLCourseApp-Triangle\OpenGLCourseApp\OpenGLCourseApp\maze.cpp(246,23): warning C4244: 'argument': conversion from 'int' to 'GLfloat', possible loss of data
D:\Dmet\OpenGLCourseApp-Triangle\OpenGLCourseApp\OpenGLCourseApp\maze.cpp(246,20): warning C4244: 'argument': conversion from 'int' to 'GLfloat', possible loss of data
D:\Dmet\OpenGLCourseApp-Triangle\OpenGLCourseApp\OpenGLCourseApp\maze.cpp(246,15): warning C4244: 'argument': conversion from 'int' to 'GLfloat', possible loss of data
D:\Dmet\OpenGLCourseApp-Triangle\OpenGLCourseApp\OpenGLCourseApp\maze.cpp(248,27): warning C4244: 'argument': conversion from 'int' to 'GLfloat', possible loss of data
D:\Dmet\OpenGLCourseApp-Triangle\OpenGLCourseApp\OpenGLCourseApp\maze.cpp(248,22): warning C4244: 'argument': conversion from 'int' to 'GLfloat', possible loss of data
D:\Dmet\OpenGLCourseApp-Triangle\OpenGLCourseApp\OpenGLCourseApp\maze.cpp(248,15): warning C4244: 'argument': conversion from 'int' to 'GLfloat', possible loss of data
D:\Dmet\OpenGLCourseApp-Triangle\OpenGLCourseApp\OpenGLCourseApp\maze.cpp(250,23): warning C4244: 'argument': conversion from 'int' to 'GLfloat', possible loss of data
D:\Dmet\OpenGLCourseApp-Triangle\OpenGLCourseApp\OpenGLCourseApp\maze.cpp(250,18): warning C4244: 'argument': conversion from 'int' to 'GLfloat', possible loss of data
D:\Dmet\OpenGLCourseApp-Triangle\OpenGLCourseApp\OpenGLCourseApp\maze.cpp(250,13): warning C4244: 'argument': conversion from 'int' to 'GLfloat', possible loss of data
D:\Dmet\OpenGLCourseApp-Triangle\OpenGLCourseApp\OpenGLCourseApp\maze.cpp(256,21): warning C4244: 'argument': conversion from 'int' to 'GLfloat', possible loss of data
D:\Dmet\OpenGLCourseApp-Triangle\OpenGLCourseApp\OpenGLCourseApp\maze.cpp(256,16): warning C4244: 'argument': conversion from 'int' to 'GLfloat', possible loss of data
D:\Dmet\OpenGLCourseApp-Triangle\OpenGLCourseApp\OpenGLCourseApp\maze.cpp(256,13): warning C4244: 'argument': conversion from 'int' to 'GLfloat', possible loss of data
D:\Dmet\OpenGLCourseApp-Triangle\OpenGLCourseApp\OpenGLCourseApp\maze.cpp(258,25): warning C4244: 'argument': conversion from 'int' to 'GLfloat', possible loss of data
D:\Dmet\OpenGLCourseApp-Triangle\OpenGLCourseApp\OpenGLCourseApp\maze.cpp(258,20): warning C4244: 'argument': conversion from 'int' to 'GLfloat', possible loss of data
D:\Dmet\OpenGLCourseApp-Triangle\OpenGLCourseApp\OpenGLCourseApp\maze.cpp(258,15): warning C4244: 'argument': conversion from 'int' to 'GLfloat', possible loss of data
D:\Dmet\OpenGLCourseApp-Triangle\OpenGLCourseApp\OpenGLCourseApp\maze.cpp(260,29): warning C4244: 'argument': conversion from 'int' to 'GLfloat', possible loss of data
D:\Dmet\OpenGLCourseApp-Triangle\OpenGLCourseApp\OpenGLCourseApp\maze.cpp(260,22): warning C4244: 'argument': conversion from 'int' to 'GLfloat', possible loss of data
D:\Dmet\OpenGLCourseApp-Triangle\OpenGLCourseApp\OpenGLCourseApp\maze.cpp(260,15): warning C4244: 'argument': conversion from 'int' to 'GLfloat', possible loss of data
D:\Dmet\OpenGLCourseApp-Triangle\OpenGLCourseApp\OpenGLCourseApp\maze.cpp(262,25): warning C4244: 'argument': conversion from 'int' to 'GLfloat', possible loss of data
D:\Dmet\OpenGLCourseApp-Triangle\OpenGLCourseApp\OpenGLCourseApp\maze.cpp(262,18): warning C4244: 'argument': conversion from 'int' to 'GLfloat', possible loss of data
D:\Dmet\OpenGLCourseApp-Triangle\OpenGLCourseApp\OpenGLCourseApp\maze.cpp(262,13): warning C4244: 'argument': conversion from 'int' to 'GLfloat', possible loss of data
D:\Dmet\OpenGLCourseApp-Triangle\OpenGLCourseApp\OpenGLCourseApp\maze.cpp(269,19): warning C4244: 'argument': conversion from 'int' to 'GLfloat', possible loss of data
D:\Dmet\OpenGLCourseApp-Triangle\OpenGLCourseApp\OpenGLCourseApp\maze.cpp(269,16): warning C4244: 'argument': conversion from 'int' to 'GLfloat', possible loss of data
D:\Dmet\OpenGLCourseApp-Triangle\OpenGLCourseApp\OpenGLCourseApp\maze.cpp(269,13): warning C4244: 'argument': conversion from 'int' to 'GLfloat', possible loss of data
D:\Dmet\OpenGLCourseApp-Triangle\OpenGLCourseApp\OpenGLCourseApp\maze.cpp(271,21): warning C4244: 'argument': conversion from 'int' to 'GLfloat', possible loss of data
D:\Dmet\OpenGLCourseApp-Triangle\OpenGLCourseApp\OpenGLCourseApp\maze.cpp(271,16): warning C4244: 'argument': conversion from 'int' to 'GLfloat', possible loss of data
D:\Dmet\OpenGLCourseApp-Triangle\OpenGLCourseApp\OpenGLCourseApp\maze.cpp(271,13): warning C4244: 'argument': conversion from 'int' to 'GLfloat', possible loss of data
D:\Dmet\OpenGLCourseApp-Triangle\OpenGLCourseApp\OpenGLCourseApp\maze.cpp(273,25): warning C4244: 'argument': conversion from 'int' to 'GLfloat', possible loss of data
D:\Dmet\OpenGLCourseApp-Triangle\OpenGLCourseApp\OpenGLCourseApp\maze.cpp(273,18): warning C4244: 'argument': conversion from 'int' to 'GLfloat', possible loss of data
D:\Dmet\OpenGLCourseApp-Triangle\OpenGLCourseApp\OpenGLCourseApp\maze.cpp(273,13): warning C4244: 'argument': conversion from 'int' to 'GLfloat', possible loss of data
D:\Dmet\OpenGLCourseApp-Triangle\OpenGLCourseApp\OpenGLCourseApp\maze.cpp(275,23): warning C4244: 'argument': conversion from 'int' to 'GLfloat', possible loss of data
D:\Dmet\OpenGLCourseApp-Triangle\OpenGLCourseApp\OpenGLCourseApp\maze.cpp(275,18): warning C4244: 'argument': conversion from 'int' to 'GLfloat', possible loss of data
D:\Dmet\OpenGLCourseApp-Triangle\OpenGLCourseApp\OpenGLCourseApp\maze.cpp(275,13): warning C4244: 'argument': conversion from 'int' to 'GLfloat', possible loss of data
D:\Dmet\OpenGLCourseApp-Triangle\OpenGLCourseApp\OpenGLCourseApp\maze.cpp(282,23): warning C4244: 'argument': conversion from 'int' to 'GLfloat', possible loss of data
D:\Dmet\OpenGLCourseApp-Triangle\OpenGLCourseApp\OpenGLCourseApp\maze.cpp(282,20): warning C4244: 'argument': conversion from 'int' to 'GLfloat', possible loss of data
D:\Dmet\OpenGLCourseApp-Triangle\OpenGLCourseApp\OpenGLCourseApp\maze.cpp(282,15): warning C4244: 'argument': conversion from 'int' to 'GLfloat', possible loss of data
D:\Dmet\OpenGLCourseApp-Triangle\OpenGLCourseApp\OpenGLCourseApp\maze.cpp(284,25): warning C4244: 'argument': conversion from 'int' to 'GLfloat', possible loss of data
D:\Dmet\OpenGLCourseApp-Triangle\OpenGLCourseApp\OpenGLCourseApp\maze.cpp(284,20): warning C4244: 'argument': conversion from 'int' to 'GLfloat', possible loss of data
D:\Dmet\OpenGLCourseApp-Triangle\OpenGLCourseApp\OpenGLCourseApp\maze.cpp(284,15): warning C4244: 'argument': conversion from 'int' to 'GLfloat', possible loss of data
D:\Dmet\OpenGLCourseApp-Triangle\OpenGLCourseApp\OpenGLCourseApp\maze.cpp(286,29): warning C4244: 'argument': conversion from 'int' to 'GLfloat', possible loss of data
D:\Dmet\OpenGLCourseApp-Triangle\OpenGLCourseApp\OpenGLCourseApp\maze.cpp(286,22): warning C4244: 'argument': conversion from 'int' to 'GLfloat', possible loss of data
D:\Dmet\OpenGLCourseApp-Triangle\OpenGLCourseApp\OpenGLCourseApp\maze.cpp(286,15): warning C4244: 'argument': conversion from 'int' to 'GLfloat', possible loss of data
D:\Dmet\OpenGLCourseApp-Triangle\OpenGLCourseApp\OpenGLCourseApp\maze.cpp(288,27): warning C4244: 'argument': conversion from 'int' to 'GLfloat', possible loss of data
D:\Dmet\OpenGLCourseApp-Triangle\OpenGLCourseApp\OpenGLCourseApp\maze.cpp(288,22): warning C4244: 'argument': conversion from 'int' to 'GLfloat', possible loss of data
D:\Dmet\OpenGLCourseApp-Triangle\OpenGLCourseApp\OpenGLCourseApp\maze.cpp(288,15): warning C4244: 'argument': conversion from 'int' to 'GLfloat', possible loss of data
D:\Dmet\OpenGLCourseApp-Triangle\OpenGLCourseApp\OpenGLCourseApp\maze.cpp(295,23): warning C4244: 'argument': conversion from 'int' to 'GLfloat', possible loss of data
D:\Dmet\OpenGLCourseApp-Triangle\OpenGLCourseApp\OpenGLCourseApp\maze.cpp(295,18): warning C4244: 'argument': conversion from 'int' to 'GLfloat', possible loss of data
D:\Dmet\OpenGLCourseApp-Triangle\OpenGLCourseApp\OpenGLCourseApp\maze.cpp(295,13): warning C4244: 'argument': conversion from 'int' to 'GLfloat', possible loss of data
D:\Dmet\OpenGLCourseApp-Triangle\OpenGLCourseApp\OpenGLCourseApp\maze.cpp(297,27): warning C4244: 'argument': conversion from 'int' to 'GLfloat', possible loss of data
D:\Dmet\OpenGLCourseApp-Triangle\OpenGLCourseApp\OpenGLCourseApp\maze.cpp(297,22): warning C4244: 'argument': conversion from 'int' to 'GLfloat', possible loss of data
D:\Dmet\OpenGLCourseApp-Triangle\OpenGLCourseApp\OpenGLCourseApp\maze.cpp(297,15): warning C4244: 'argument': conversion from 'int' to 'GLfloat', possible loss of data
D:\Dmet\OpenGLCourseApp-Triangle\OpenGLCourseApp\OpenGLCourseApp\maze.cpp(299,29): warning C4244: 'argument': conversion from 'int' to 'GLfloat', possible loss of data
D:\Dmet\OpenGLCourseApp-Triangle\OpenGLCourseApp\OpenGLCourseApp\maze.cpp(299,22): warning C4244: 'argument': conversion from 'int' to 'GLfloat', possible loss of data
D:\Dmet\OpenGLCourseApp-Triangle\OpenGLCourseApp\OpenGLCourseApp\maze.cpp(299,15): warning C4244: 'argument': conversion from 'int' to 'GLfloat', possible loss of data
D:\Dmet\OpenGLCourseApp-Triangle\OpenGLCourseApp\OpenGLCourseApp\maze.cpp(301,25): warning C4244: 'argument': conversion from 'int' to 'GLfloat', possible loss of data
D:\Dmet\OpenGLCourseApp-Triangle\OpenGLCourseApp\OpenGLCourseApp\maze.cpp(301,18): warning C4244: 'argument': conversion from 'int' to 'GLfloat', possible loss of data
D:\Dmet\OpenGLCourseApp-Triangle\OpenGLCourseApp\OpenGLCourseApp\maze.cpp(301,13): warning C4244: 'argument': conversion from 'int' to 'GLfloat', possible loss of data
D:\Dmet\OpenGLCourseApp-Triangle\OpenGLCourseApp\OpenGLCourseApp\maze.cpp(307,19): warning C4244: 'argument': conversion from 'int' to 'GLfloat', possible loss of data
D:\Dmet\OpenGLCourseApp-Triangle\OpenGLCourseApp\OpenGLCourseApp\maze.cpp(307,16): warning C4244: 'argument': conversion from 'int' to 'GLfloat', possible loss of data
D:\Dmet\OpenGLCourseApp-Triangle\OpenGLCourseApp\OpenGLCourseApp\maze.cpp(307,13): warning C4244: 'argument': conversion from 'int' to 'GLfloat', possible loss of data
D:\Dmet\OpenGLCourseApp-Triangle\OpenGLCourseApp\OpenGLCourseApp\maze.cpp(309,23): warning C4244: 'argument': conversion from 'int' to 'GLfloat', possible loss of data
D:\Dmet\OpenGLCourseApp-Triangle\OpenGLCourseApp\OpenGLCourseApp\maze.cpp(309,20): warning C4244: 'argument': conversion from 'int' to 'GLfloat', possible loss of data
D:\Dmet\OpenGLCourseApp-Triangle\OpenGLCourseApp\OpenGLCourseApp\maze.cpp(309,15): warning C4244: 'argument': conversion from 'int' to 'GLfloat', possible loss of data
D:\Dmet\OpenGLCourseApp-Triangle\OpenGLCourseApp\OpenGLCourseApp\maze.cpp(311,25): warning C4244: 'argument': conversion from 'int' to 'GLfloat', possible loss of data
D:\Dmet\OpenGLCourseApp-Triangle\OpenGLCourseApp\OpenGLCourseApp\maze.cpp(311,20): warning C4244: 'argument': conversion from 'int' to 'GLfloat', possible loss of data
D:\Dmet\OpenGLCourseApp-Triangle\OpenGLCourseApp\OpenGLCourseApp\maze.cpp(311,15): warning C4244: 'argument': conversion from 'int' to 'GLfloat', possible loss of data
D:\Dmet\OpenGLCourseApp-Triangle\OpenGLCourseApp\OpenGLCourseApp\maze.cpp(313,21): warning C4244: 'argument': conversion from 'int' to 'GLfloat', possible loss of data
D:\Dmet\OpenGLCourseApp-Triangle\OpenGLCourseApp\OpenGLCourseApp\maze.cpp(313,16): warning C4244: 'argument': conversion from 'int' to 'GLfloat', possible loss of data
D:\Dmet\OpenGLCourseApp-Triangle\OpenGLCourseApp\OpenGLCourseApp\maze.cpp(313,13): warning C4244: 'argument': conversion from 'int' to 'GLfloat', possible loss of data
D:\Dmet\OpenGLCourseApp-Triangle\OpenGLCourseApp\OpenGLCourseApp\maze.cpp(342,19): warning C4244: 'argument': conversion from 'int' to 'GLfloat', possible loss of data
D:\Dmet\OpenGLCourseApp-Triangle\OpenGLCourseApp\OpenGLCourseApp\maze.cpp(342,16): warning C4244: 'argument': conversion from 'int' to 'GLfloat', possible loss of data
D:\Dmet\OpenGLCourseApp-Triangle\OpenGLCourseApp\OpenGLCourseApp\maze.cpp(342,13): warning C4244: 'argument': conversion from 'int' to 'GLfloat', possible loss of data
D:\Dmet\OpenGLCourseApp-Triangle\OpenGLCourseApp\OpenGLCourseApp\maze.cpp(343,23): warning C4244: 'argument': conversion from 'int' to 'GLfloat', possible loss of data
D:\Dmet\OpenGLCourseApp-Triangle\OpenGLCourseApp\OpenGLCourseApp\maze.cpp(343,20): warning C4244: 'argument': conversion from 'int' to 'GLfloat', possible loss of data
D:\Dmet\OpenGLCourseApp-Triangle\OpenGLCourseApp\OpenGLCourseApp\maze.cpp(343,15): warning C4244: 'argument': conversion from 'int' to 'GLfloat', possible loss of data
D:\Dmet\OpenGLCourseApp-Triangle\OpenGLCourseApp\OpenGLCourseApp\maze.cpp(347,23): warning C4244: 'argument': conversion from 'int' to 'GLfloat', possible loss of data
D:\Dmet\OpenGLCourseApp-Triangle\OpenGLCourseApp\OpenGLCourseApp\maze.cpp(347,20): warning C4244: 'argument': conversion from 'int' to 'GLfloat', possible loss of data
D:\Dmet\OpenGLCourseApp-Triangle\OpenGLCourseApp\OpenGLCourseApp\maze.cpp(347,15): warning C4244: 'argument': conversion from 'int' to 'GLfloat', possible loss of data
D:\Dmet\OpenGLCourseApp-Triangle\OpenGLCourseApp\OpenGLCourseApp\maze.cpp(348,27): warning C4244: 'argument': conversion from 'int' to 'GLfloat', possible loss of data
D:\Dmet\OpenGLCourseApp-Triangle\OpenGLCourseApp\OpenGLCourseApp\maze.cpp(348,22): warning C4244: 'argument': conversion from 'int' to 'GLfloat', possible loss of data
D:\Dmet\OpenGLCourseApp-Triangle\OpenGLCourseApp\OpenGLCourseApp\maze.cpp(348,15): warning C4244: 'argument': conversion from 'int' to 'GLfloat', possible loss of data
D:\Dmet\OpenGLCourseApp-Triangle\OpenGLCourseApp\OpenGLCourseApp\maze.cpp(352,27): warning C4244: 'argument': conversion from 'int' to 'GLfloat', possible loss of data
D:\Dmet\OpenGLCourseApp-Triangle\OpenGLCourseApp\OpenGLCourseApp\maze.cpp(352,22): warning C4244: 'argument': conversion from 'int' to 'GLfloat', possible loss of data
D:\Dmet\OpenGLCourseApp-Triangle\OpenGLCourseApp\OpenGLCourseApp\maze.cpp(352,15): warning C4244: 'argument': conversion from 'int' to 'GLfloat', possible loss of data
D:\Dmet\OpenGLCourseApp-Triangle\OpenGLCourseApp\OpenGLCourseApp\maze.cpp(353,23): warning C4244: 'argument': conversion from 'int' to 'GLfloat', possible loss of data
D:\Dmet\OpenGLCourseApp-Triangle\OpenGLCourseApp\OpenGLCourseApp\maze.cpp(353,18): warning C4244: 'argument': conversion from 'int' to 'GLfloat', possible loss of data
D:\Dmet\OpenGLCourseApp-Triangle\OpenGLCourseApp\OpenGLCourseApp\maze.cpp(353,13): warning C4244: 'argument': conversion from 'int' to 'GLfloat', possible loss of data
D:\Dmet\OpenGLCourseApp-Triangle\OpenGLCourseApp\OpenGLCourseApp\maze.cpp(357,23): warning C4244: 'argument': conversion from 'int' to 'GLfloat', possible loss of data
D:\Dmet\OpenGLCourseApp-Triangle\OpenGLCourseApp\OpenGLCourseApp\maze.cpp(357,18): warning C4244: 'argument': conversion from 'int' to 'GLfloat', possible loss of data
D:\Dmet\OpenGLCourseApp-Triangle\OpenGLCourseApp\OpenGLCourseApp\maze.cpp(357,13): warning C4244: 'argument': conversion from 'int' to 'GLfloat', possible loss of data
D:\Dmet\OpenGLCourseApp-Triangle\OpenGLCourseApp\OpenGLCourseApp\maze.cpp(358,19): warning C4244: 'argument': conversion from 'int' to 'GLfloat', possible loss of data
D:\Dmet\OpenGLCourseApp-Triangle\OpenGLCourseApp\OpenGLCourseApp\maze.cpp(358,16): warning C4244: 'argument': conversion from 'int' to 'GLfloat', possible loss of data
D:\Dmet\OpenGLCourseApp-Triangle\OpenGLCourseApp\OpenGLCourseApp\maze.cpp(358,13): warning C4244: 'argument': conversion from 'int' to 'GLfloat', possible loss of data
D:\Dmet\OpenGLCourseApp-Triangle\OpenGLCourseApp\OpenGLCourseApp\maze.cpp(363,21): warning C4244: 'argument': conversion from 'int' to 'GLfloat', possible loss of data
D:\Dmet\OpenGLCourseApp-Triangle\OpenGLCourseApp\OpenGLCourseApp\maze.cpp(363,16): warning C4244: 'argument': conversion from 'int' to 'GLfloat', possible loss of data
D:\Dmet\OpenGLCourseApp-Triangle\OpenGLCourseApp\OpenGLCourseApp\maze.cpp(363,13): warning C4244: 'argument': conversion from 'int' to 'GLfloat', possible loss of data
D:\Dmet\OpenGLCourseApp-Triangle\OpenGLCourseApp\OpenGLCourseApp\maze.cpp(364,25): warning C4244: 'argument': conversion from 'int' to 'GLfloat', possible loss of data
D:\Dmet\OpenGLCourseApp-Triangle\OpenGLCourseApp\OpenGLCourseApp\maze.cpp(364,20): warning C4244: 'argument': conversion from 'int' to 'GLfloat', possible loss of data
D:\Dmet\OpenGLCourseApp-Triangle\OpenGLCourseApp\OpenGLCourseApp\maze.cpp(364,15): warning C4244: 'argument': conversion from 'int' to 'GLfloat', possible loss of data
D:\Dmet\OpenGLCourseApp-Triangle\OpenGLCourseApp\OpenGLCourseApp\maze.cpp(368,25): warning C4244: 'argument': conversion from 'int' to 'GLfloat', possible loss of data
D:\Dmet\OpenGLCourseApp-Triangle\OpenGLCourseApp\OpenGLCourseApp\maze.cpp(368,20): warning C4244: 'argument': conversion from 'int' to 'GLfloat', possible loss of data
D:\Dmet\OpenGLCourseApp-Triangle\OpenGLCourseApp\OpenGLCourseApp\maze.cpp(368,15): warning C4244: 'argument': conversion from 'int' to 'GLfloat', possible loss of data
D:\Dmet\OpenGLCourseApp-Triangle\OpenGLCourseApp\OpenGLCourseApp\maze.cpp(369,29): warning C4244: 'argument': conversion from 'int' to 'GLfloat', possible loss of data
D:\Dmet\OpenGLCourseApp-Triangle\OpenGLCourseApp\OpenGLCourseApp\maze.cpp(369,22): warning C4244: 'argument': conversion from 'int' to 'GLfloat', possible loss of data
D:\Dmet\OpenGLCourseApp-Triangle\OpenGLCourseApp\OpenGLCourseApp\maze.cpp(369,15): warning C4244: 'argument': conversion from 'int' to 'GLfloat', possible loss of data
D:\Dmet\OpenGLCourseApp-Triangle\OpenGLCourseApp\OpenGLCourseApp\maze.cpp(373,29): warning C4244: 'argument': conversion from 'int' to 'GLfloat', possible loss of data
D:\Dmet\OpenGLCourseApp-Triangle\OpenGLCourseApp\OpenGLCourseApp\maze.cpp(373,22): warning C4244: 'argument': conversion from 'int' to 'GLfloat', possible loss of data
D:\Dmet\OpenGLCourseApp-Triangle\OpenGLCourseApp\OpenGLCourseApp\maze.cpp(373,15): warning C4244: 'argument': conversion from 'int' to 'GLfloat', possible loss of data
D:\Dmet\OpenGLCourseApp-Triangle\OpenGLCourseApp\OpenGLCourseApp\maze.cpp(374,25): warning C4244: 'argument': conversion from 'int' to 'GLfloat', possible loss of data
D:\Dmet\OpenGLCourseApp-Triangle\OpenGLCourseApp\OpenGLCourseApp\maze.cpp(374,18): warning C4244: 'argument': conversion from 'int' to 'GLfloat', possible loss of data
D:\Dmet\OpenGLCourseApp-Triangle\OpenGLCourseApp\OpenGLCourseApp\maze.cpp(374,13): warning C4244: 'argument': conversion from 'int' to 'GLfloat', possible loss of data
D:\Dmet\OpenGLCourseApp-Triangle\OpenGLCourseApp\OpenGLCourseApp\maze.cpp(378,25): warning C4244: 'argument': conversion from 'int' to 'GLfloat', possible loss of data
D:\Dmet\OpenGLCourseApp-Triangle\OpenGLCourseApp\OpenGLCourseApp\maze.cpp(378,18): warning C4244: 'argument': conversion from 'int' to 'GLfloat', possible loss of data
D:\Dmet\OpenGLCourseApp-Triangle\OpenGLCourseApp\OpenGLCourseApp\maze.cpp(378,13): warning C4244: 'argument': conversion from 'int' to 'GLfloat', possible loss of data
D:\Dmet\OpenGLCourseApp-Triangle\OpenGLCourseApp\OpenGLCourseApp\maze.cpp(379,21): warning C4244: 'argument': conversion from 'int' to 'GLfloat', possible loss of data
D:\Dmet\OpenGLCourseApp-Triangle\OpenGLCourseApp\OpenGLCourseApp\maze.cpp(379,16): warning C4244: 'argument': conversion from 'int' to 'GLfloat', possible loss of data
D:\Dmet\OpenGLCourseApp-Triangle\OpenGLCourseApp\OpenGLCourseApp\maze.cpp(379,13): warning C4244: 'argument': conversion from 'int' to 'GLfloat', possible loss of data
D:\Dmet\OpenGLCourseApp-Triangle\OpenGLCourseApp\OpenGLCourseApp\maze.cpp(385,23): warning C4244: 'argument': conversion from 'int' to 'GLfloat', possible loss of data
D:\Dmet\OpenGLCourseApp-Triangle\OpenGLCourseApp\OpenGLCourseApp\maze.cpp(385,20): warning C4244: 'argument': conversion from 'int' to 'GLfloat', possible loss of data
D:\Dmet\OpenGLCourseApp-Triangle\OpenGLCourseApp\OpenGLCourseApp\maze.cpp(385,15): warning C4244: 'argument': conversion from 'int' to 'GLfloat', possible loss of data
D:\Dmet\OpenGLCourseApp-Triangle\OpenGLCourseApp\OpenGLCourseApp\maze.cpp(386,25): warning C4244: 'argument': conversion from 'int' to 'GLfloat', possible loss of data
D:\Dmet\OpenGLCourseApp-Triangle\OpenGLCourseApp\OpenGLCourseApp\maze.cpp(386,20): warning C4244: 'argument': conversion from 'int' to 'GLfloat', possible loss of data
D:\Dmet\OpenGLCourseApp-Triangle\OpenGLCourseApp\OpenGLCourseApp\maze.cpp(386,15): warning C4244: 'argument': conversion from 'int' to 'GLfloat', possible loss of data
D:\Dmet\OpenGLCourseApp-Triangle\OpenGLCourseApp\OpenGLCourseApp\maze.cpp(390,29): warning C4244: 'argument': conversion from 'int' to 'GLfloat', possible loss of data
D:\Dmet\OpenGLCourseApp-Triangle\OpenGLCourseApp\OpenGLCourseApp\maze.cpp(390,22): warning C4244: 'argument': conversion from 'int' to 'GLfloat', possible loss of data
D:\Dmet\OpenGLCourseApp-Triangle\OpenGLCourseApp\OpenGLCourseApp\maze.cpp(390,15): warning C4244: 'argument': conversion from 'int' to 'GLfloat', possible loss of data
D:\Dmet\OpenGLCourseApp-Triangle\OpenGLCourseApp\OpenGLCourseApp\maze.cpp(391,27): warning C4244: 'argument': conversion from 'int' to 'GLfloat', possible loss of data
D:\Dmet\OpenGLCourseApp-Triangle\OpenGLCourseApp\OpenGLCourseApp\maze.cpp(391,22): warning C4244: 'argument': conversion from 'int' to 'GLfloat', possible loss of data
D:\Dmet\OpenGLCourseApp-Triangle\OpenGLCourseApp\OpenGLCourseApp\maze.cpp(391,15): warning C4244: 'argument': conversion from 'int' to 'GLfloat', possible loss of data
D:\Dmet\OpenGLCourseApp-Triangle\OpenGLCourseApp\OpenGLCourseApp\maze.cpp(397,19): warning C4244: 'argument': conversion from 'int' to 'GLfloat', possible loss of data
D:\Dmet\OpenGLCourseApp-Triangle\OpenGLCourseApp\OpenGLCourseApp\maze.cpp(397,16): warning C4244: 'argument': conversion from 'int' to 'GLfloat', possible loss of data
D:\Dmet\OpenGLCourseApp-Triangle\OpenGLCourseApp\OpenGLCourseApp\maze.cpp(397,13): warning C4244: 'argument': conversion from 'int' to 'GLfloat', possible loss of data
D:\Dmet\OpenGLCourseApp-Triangle\OpenGLCourseApp\OpenGLCourseApp\maze.cpp(398,21): warning C4244: 'argument': conversion from 'int' to 'GLfloat', possible loss of data
D:\Dmet\OpenGLCourseApp-Triangle\OpenGLCourseApp\OpenGLCourseApp\maze.cpp(398,16): warning C4244: 'argument': conversion from 'int' to 'GLfloat', possible loss of data
D:\Dmet\OpenGLCourseApp-Triangle\OpenGLCourseApp\OpenGLCourseApp\maze.cpp(398,13): warning C4244: 'argument': conversion from 'int' to 'GLfloat', possible loss of data
D:\Dmet\OpenGLCourseApp-Triangle\OpenGLCourseApp\OpenGLCourseApp\maze.cpp(404,25): warning C4244: 'argument': conversion from 'int' to 'GLfloat', possible loss of data
D:\Dmet\OpenGLCourseApp-Triangle\OpenGLCourseApp\OpenGLCourseApp\maze.cpp(404,18): warning C4244: 'argument': conversion from 'int' to 'GLfloat', possible loss of data
D:\Dmet\OpenGLCourseApp-Triangle\OpenGLCourseApp\OpenGLCourseApp\maze.cpp(404,13): warning C4244: 'argument': conversion from 'int' to 'GLfloat', possible loss of data
D:\Dmet\OpenGLCourseApp-Triangle\OpenGLCourseApp\OpenGLCourseApp\maze.cpp(405,23): warning C4244: 'argument': conversion from 'int' to 'GLfloat', possible loss of data
D:\Dmet\OpenGLCourseApp-Triangle\OpenGLCourseApp\OpenGLCourseApp\maze.cpp(405,18): warning C4244: 'argument': conversion from 'int' to 'GLfloat', possible loss of data
D:\Dmet\OpenGLCourseApp-Triangle\OpenGLCourseApp\OpenGLCourseApp\maze.cpp(405,13): warning C4244: 'argument': conversion from 'int' to 'GLfloat', possible loss of data
D:\Dmet\OpenGLCourseApp-Triangle\OpenGLCourseApp\OpenGLCourseApp\maze.cpp(450,19): warning C4244: 'argument': conversion from 'int' to 'GLfloat', possible loss of data
D:\Dmet\OpenGLCourseApp-Triangle\OpenGLCourseApp\OpenGLCourseApp\maze.cpp(450,16): warning C4244: 'argument': conversion from 'int' to 'GLfloat', possible loss of data
D:\Dmet\OpenGLCourseApp-Triangle\OpenGLCourseApp\OpenGLCourseApp\maze.cpp(450,13): warning C4244: 'argument': conversion from 'int' to 'GLfloat', possible loss of data
D:\Dmet\OpenGLCourseApp-Triangle\OpenGLCourseApp\OpenGLCourseApp\maze.cpp(451,23): warning C4244: 'argument': conversion from 'int' to 'GLfloat', possible loss of data
D:\Dmet\OpenGLCourseApp-Triangle\OpenGLCourseApp\OpenGLCourseApp\maze.cpp(451,20): warning C4244: 'argument': conversion from 'int' to 'GLfloat', possible loss of data
D:\Dmet\OpenGLCourseApp-Triangle\OpenGLCourseApp\OpenGLCourseApp\maze.cpp(451,15): warning C4244: 'argument': conversion from 'int' to 'GLfloat', possible loss of data
D:\Dmet\OpenGLCourseApp-Triangle\OpenGLCourseApp\OpenGLCourseApp\maze.cpp(452,27): warning C4244: 'argument': conversion from 'int' to 'GLfloat', possible loss of data
D:\Dmet\OpenGLCourseApp-Triangle\OpenGLCourseApp\OpenGLCourseApp\maze.cpp(452,22): warning C4244: 'argument': conversion from 'int' to 'GLfloat', possible loss of data
D:\Dmet\OpenGLCourseApp-Triangle\OpenGLCourseApp\OpenGLCourseApp\maze.cpp(452,15): warning C4244: 'argument': conversion from 'int' to 'GLfloat', possible loss of data
D:\Dmet\OpenGLCourseApp-Triangle\OpenGLCourseApp\OpenGLCourseApp\maze.cpp(453,23): warning C4244: 'argument': conversion from 'int' to 'GLfloat', possible loss of data
D:\Dmet\OpenGLCourseApp-Triangle\OpenGLCourseApp\OpenGLCourseApp\maze.cpp(453,18): warning C4244: 'argument': conversion from 'int' to 'GLfloat', possible loss of data
D:\Dmet\OpenGLCourseApp-Triangle\OpenGLCourseApp\OpenGLCourseApp\maze.cpp(453,13): warning C4244: 'argument': conversion from 'int' to 'GLfloat', possible loss of data
D:\Dmet\OpenGLCourseApp-Triangle\OpenGLCourseApp\OpenGLCourseApp\maze.cpp(460,21): warning C4244: 'argument': conversion from 'int' to 'GLfloat', possible loss of data
D:\Dmet\OpenGLCourseApp-Triangle\OpenGLCourseApp\OpenGLCourseApp\maze.cpp(460,16): warning C4244: 'argument': conversion from 'int' to 'GLfloat', possible loss of data
D:\Dmet\OpenGLCourseApp-Triangle\OpenGLCourseApp\OpenGLCourseApp\maze.cpp(460,13): warning C4244: 'argument': conversion from 'int' to 'GLfloat', possible loss of data
D:\Dmet\OpenGLCourseApp-Triangle\OpenGLCourseApp\OpenGLCourseApp\maze.cpp(461,25): warning C4244: 'argument': conversion from 'int' to 'GLfloat', possible loss of data
D:\Dmet\OpenGLCourseApp-Triangle\OpenGLCourseApp\OpenGLCourseApp\maze.cpp(461,20): warning C4244: 'argument': conversion from 'int' to 'GLfloat', possible loss of data
D:\Dmet\OpenGLCourseApp-Triangle\OpenGLCourseApp\OpenGLCourseApp\maze.cpp(461,15): warning C4244: 'argument': conversion from 'int' to 'GLfloat', possible loss of data
D:\Dmet\OpenGLCourseApp-Triangle\OpenGLCourseApp\OpenGLCourseApp\maze.cpp(462,29): warning C4244: 'argument': conversion from 'int' to 'GLfloat', possible loss of data
D:\Dmet\OpenGLCourseApp-Triangle\OpenGLCourseApp\OpenGLCourseApp\maze.cpp(462,22): warning C4244: 'argument': conversion from 'int' to 'GLfloat', possible loss of data
D:\Dmet\OpenGLCourseApp-Triangle\OpenGLCourseApp\OpenGLCourseApp\maze.cpp(462,15): warning C4244: 'argument': conversion from 'int' to 'GLfloat', possible loss of data
D:\Dmet\OpenGLCourseApp-Triangle\OpenGLCourseApp\OpenGLCourseApp\maze.cpp(463,25): warning C4244: 'argument': conversion from 'int' to 'GLfloat', possible loss of data
D:\Dmet\OpenGLCourseApp-Triangle\OpenGLCourseApp\OpenGLCourseApp\maze.cpp(463,18): warning C4244: 'argument': conversion from 'int' to 'GLfloat', possible loss of data
D:\Dmet\OpenGLCourseApp-Triangle\OpenGLCourseApp\OpenGLCourseApp\maze.cpp(463,13): warning C4244: 'argument': conversion from 'int' to 'GLfloat', possible loss of data
D:\Dmet\OpenGLCourseApp-Triangle\OpenGLCourseApp\OpenGLCourseApp\maze.cpp(468,23): warning C4244: 'argument': conversion from 'int' to 'GLfloat', possible loss of data
D:\Dmet\OpenGLCourseApp-Triangle\OpenGLCourseApp\OpenGLCourseApp\maze.cpp(468,20): warning C4244: 'argument': conversion from 'int' to 'GLfloat', possible loss of data
D:\Dmet\OpenGLCourseApp-Triangle\OpenGLCourseApp\OpenGLCourseApp\maze.cpp(468,15): warning C4244: 'argument': conversion from 'int' to 'GLfloat', possible loss of data
D:\Dmet\OpenGLCourseApp-Triangle\OpenGLCourseApp\OpenGLCourseApp\maze.cpp(469,25): warning C4244: 'argument': conversion from 'int' to 'GLfloat', possible loss of data
D:\Dmet\OpenGLCourseApp-Triangle\OpenGLCourseApp\OpenGLCourseApp\maze.cpp(469,20): warning C4244: 'argument': conversion from 'int' to 'GLfloat', possible loss of data
D:\Dmet\OpenGLCourseApp-Triangle\OpenGLCourseApp\OpenGLCourseApp\maze.cpp(469,15): warning C4244: 'argument': conversion from 'int' to 'GLfloat', possible loss of data
D:\Dmet\OpenGLCourseApp-Triangle\OpenGLCourseApp\OpenGLCourseApp\maze.cpp(470,29): warning C4244: 'argument': conversion from 'int' to 'GLfloat', possible loss of data
D:\Dmet\OpenGLCourseApp-Triangle\OpenGLCourseApp\OpenGLCourseApp\maze.cpp(470,22): warning C4244: 'argument': conversion from 'int' to 'GLfloat', possible loss of data
D:\Dmet\OpenGLCourseApp-Triangle\OpenGLCourseApp\OpenGLCourseApp\maze.cpp(470,15): warning C4244: 'argument': conversion from 'int' to 'GLfloat', possible loss of data
D:\Dmet\OpenGLCourseApp-Triangle\OpenGLCourseApp\OpenGLCourseApp\maze.cpp(471,27): warning C4244: 'argument': conversion from 'int' to 'GLfloat', possible loss of data
D:\Dmet\OpenGLCourseApp-Triangle\OpenGLCourseApp\OpenGLCourseApp\maze.cpp(471,22): warning C4244: 'argument': conversion from 'int' to 'GLfloat', possible loss of data
D:\Dmet\OpenGLCourseApp-Triangle\OpenGLCourseApp\OpenGLCourseApp\maze.cpp(471,15): warning C4244: 'argument': conversion from 'int' to 'GLfloat', possible loss of data
D:\Dmet\OpenGLCourseApp-Triangle\OpenGLCourseApp\OpenGLCourseApp\maze.cpp(476,19): warning C4244: 'argument': conversion from 'int' to 'GLfloat', possible loss of data
D:\Dmet\OpenGLCourseApp-Triangle\OpenGLCourseApp\OpenGLCourseApp\maze.cpp(476,16): warning C4244: 'argument': conversion from 'int' to 'GLfloat', possible loss of data
D:\Dmet\OpenGLCourseApp-Triangle\OpenGLCourseApp\OpenGLCourseApp\maze.cpp(476,13): warning C4244: 'argument': conversion from 'int' to 'GLfloat', possible loss of data
D:\Dmet\OpenGLCourseApp-Triangle\OpenGLCourseApp\OpenGLCourseApp\maze.cpp(477,21): warning C4244: 'argument': conversion from 'int' to 'GLfloat', possible loss of data
D:\Dmet\OpenGLCourseApp-Triangle\OpenGLCourseApp\OpenGLCourseApp\maze.cpp(477,16): warning C4244: 'argument': conversion from 'int' to 'GLfloat', possible loss of data
D:\Dmet\OpenGLCourseApp-Triangle\OpenGLCourseApp\OpenGLCourseApp\maze.cpp(477,13): warning C4244: 'argument': conversion from 'int' to 'GLfloat', possible loss of data
D:\Dmet\OpenGLCourseApp-Triangle\OpenGLCourseApp\OpenGLCourseApp\maze.cpp(478,25): warning C4244: 'argument': conversion from 'int' to 'GLfloat', possible loss of data
D:\Dmet\OpenGLCourseApp-Triangle\OpenGLCourseApp\OpenGLCourseApp\maze.cpp(478,18): warning C4244: 'argument': conversion from 'int' to 'GLfloat', possible loss of data
D:\Dmet\OpenGLCourseApp-Triangle\OpenGLCourseApp\OpenGLCourseApp\maze.cpp(478,13): warning C4244: 'argument': conversion from 'int' to 'GLfloat', possible loss of data
D:\Dmet\OpenGLCourseApp-Triangle\OpenGLCourseApp\OpenGLCourseApp\maze.cpp(479,23): warning C4244: 'argument': conversion from 'int' to 'GLfloat', possible loss of data
D:\Dmet\OpenGLCourseApp-Triangle\OpenGLCourseApp\OpenGLCourseApp\maze.cpp(479,18): warning C4244: 'argument': conversion from 'int' to 'GLfloat', possible loss of data
D:\Dmet\OpenGLCourseApp-Triangle\OpenGLCourseApp\OpenGLCourseApp\maze.cpp(479,13): warning C4244: 'argument': conversion from 'int' to 'GLfloat', possible loss of data
D:\Dmet\OpenGLCourseApp-Triangle\OpenGLCourseApp\OpenGLCourseApp\maze.cpp(484,23): warning C4244: 'argument': conversion from 'int' to 'GLfloat', possible loss of data
D:\Dmet\OpenGLCourseApp-Triangle\OpenGLCourseApp\OpenGLCourseApp\maze.cpp(484,18): warning C4244: 'argument': conversion from 'int' to 'GLfloat', possible loss of data
D:\Dmet\OpenGLCourseApp-Triangle\OpenGLCourseApp\OpenGLCourseApp\maze.cpp(484,13): warning C4244: 'argument': conversion from 'int' to 'GLfloat', possible loss of data
D:\Dmet\OpenGLCourseApp-Triangle\OpenGLCourseApp\OpenGLCourseApp\maze.cpp(485,27): warning C4244: 'argument': conversion from 'int' to 'GLfloat', possible loss of data
D:\Dmet\OpenGLCourseApp-Triangle\OpenGLCourseApp\OpenGLCourseApp\maze.cpp(485,22): warning C4244: 'argument': conversion from 'int' to 'GLfloat', possible loss of data
D:\Dmet\OpenGLCourseApp-Triangle\OpenGLCourseApp\OpenGLCourseApp\maze.cpp(485,15): warning C4244: 'argument': conversion from 'int' to 'GLfloat', possible loss of data
D:\Dmet\OpenGLCourseApp-Triangle\OpenGLCourseApp\OpenGLCourseApp\maze.cpp(486,29): warning C4244: 'argument': conversion from 'int' to 'GLfloat', possible loss of data
D:\Dmet\OpenGLCourseApp-Triangle\OpenGLCourseApp\OpenGLCourseApp\maze.cpp(486,22): warning C4244: 'argument': conversion from 'int' to 'GLfloat', possible loss of data
D:\Dmet\OpenGLCourseApp-Triangle\OpenGLCourseApp\OpenGLCourseApp\maze.cpp(486,15): warning C4244: 'argument': conversion from 'int' to 'GLfloat', possible loss of data
D:\Dmet\OpenGLCourseApp-Triangle\OpenGLCourseApp\OpenGLCourseApp\maze.cpp(487,25): warning C4244: 'argument': conversion from 'int' to 'GLfloat', possible loss of data
D:\Dmet\OpenGLCourseApp-Triangle\OpenGLCourseApp\OpenGLCourseApp\maze.cpp(487,18): warning C4244: 'argument': conversion from 'int' to 'GLfloat', possible loss of data
D:\Dmet\OpenGLCourseApp-Triangle\OpenGLCourseApp\OpenGLCourseApp\maze.cpp(487,13): warning C4244: 'argument': conversion from 'int' to 'GLfloat', possible loss of data
D:\Dmet\OpenGLCourseApp-Triangle\OpenGLCourseApp\OpenGLCourseApp\maze.cpp(493,19): warning C4244: 'argument': conversion from 'int' to 'GLfloat', possible loss of data
D:\Dmet\OpenGLCourseApp-Triangle\OpenGLCourseApp\OpenGLCourseApp\maze.cpp(493,16): warning C4244: 'argument': conversion from 'int' to 'GLfloat', possible loss of data
D:\Dmet\OpenGLCourseApp-Triangle\OpenGLCourseApp\OpenGLCourseApp\maze.cpp(493,13): warning C4244: 'argument': conversion from 'int' to 'GLfloat', possible loss of data
D:\Dmet\OpenGLCourseApp-Triangle\OpenGLCourseApp\OpenGLCourseApp\maze.cpp(494,23): warning C4244: 'argument': conversion from 'int' to 'GLfloat', possible loss of data
D:\Dmet\OpenGLCourseApp-Triangle\OpenGLCourseApp\OpenGLCourseApp\maze.cpp(494,20): warning C4244: 'argument': conversion from 'int' to 'GLfloat', possible loss of data
D:\Dmet\OpenGLCourseApp-Triangle\OpenGLCourseApp\OpenGLCourseApp\maze.cpp(494,15): warning C4244: 'argument': conversion from 'int' to 'GLfloat', possible loss of data
D:\Dmet\OpenGLCourseApp-Triangle\OpenGLCourseApp\OpenGLCourseApp\maze.cpp(495,25): warning C4244: 'argument': conversion from 'int' to 'GLfloat', possible loss of data
D:\Dmet\OpenGLCourseApp-Triangle\OpenGLCourseApp\OpenGLCourseApp\maze.cpp(495,20): warning C4244: 'argument': conversion from 'int' to 'GLfloat', possible loss of data
D:\Dmet\OpenGLCourseApp-Triangle\OpenGLCourseApp\OpenGLCourseApp\maze.cpp(495,15): warning C4244: 'argument': conversion from 'int' to 'GLfloat', possible loss of data
D:\Dmet\OpenGLCourseApp-Triangle\OpenGLCourseApp\OpenGLCourseApp\maze.cpp(496,21): warning C4244: 'argument': conversion from 'int' to 'GLfloat', possible loss of data
D:\Dmet\OpenGLCourseApp-Triangle\OpenGLCourseApp\OpenGLCourseApp\maze.cpp(496,16): warning C4244: 'argument': conversion from 'int' to 'GLfloat', possible loss of data
D:\Dmet\OpenGLCourseApp-Triangle\OpenGLCourseApp\OpenGLCourseApp\maze.cpp(496,13): warning C4244: 'argument': conversion from 'int' to 'GLfloat', possible loss of data
D:\Dmet\OpenGLCourseApp-Triangle\OpenGLCourseApp\OpenGLCourseApp\maze.cpp(532,25): warning C4305: 'argument': truncation from 'double' to 'GLfloat'
D:\Dmet\OpenGLCourseApp-Triangle\OpenGLCourseApp\OpenGLCourseApp\maze.cpp(533,33): warning C4244: 'argument': conversion from 'double' to 'GLfloat', possible loss of data
D:\Dmet\OpenGLCourseApp-Triangle\OpenGLCourseApp\OpenGLCourseApp\maze.cpp(533,26): warning C4244: 'argument': conversion from 'int' to 'GLfloat', possible loss of data
D:\Dmet\OpenGLCourseApp-Triangle\OpenGLCourseApp\OpenGLCourseApp\maze.cpp(533,17): warning C4244: 'argument': conversion from 'double' to 'GLfloat', possible loss of data
D:\Dmet\OpenGLCourseApp-Triangle\OpenGLCourseApp\OpenGLCourseApp\maze.cpp(604,23): warning C4244: 'argument': conversion from 'int' to 'GLfloat', possible loss of data
D:\Dmet\OpenGLCourseApp-Triangle\OpenGLCourseApp\OpenGLCourseApp\maze.cpp(606,44): warning C4244: 'argument': conversion from 'int' to 'GLfloat', possible loss of data
D:\Dmet\OpenGLCourseApp-Triangle\OpenGLCourseApp\OpenGLCourseApp\maze.cpp(606,23): warning C4244: 'argument': conversion from 'int' to 'GLfloat', possible loss of data
D:\Dmet\OpenGLCourseApp-Triangle\OpenGLCourseApp\OpenGLCourseApp\maze.cpp(608,32): warning C4244: 'argument': conversion from 'int' to 'GLfloat', possible loss of data
D:\Dmet\OpenGLCourseApp-Triangle\OpenGLCourseApp\OpenGLCourseApp\maze.cpp(618,20): warning C4244: '=': conversion from 'int' to 'float', possible loss of data
D:\Dmet\OpenGLCourseApp-Triangle\OpenGLCourseApp\OpenGLCourseApp\maze.cpp(619,20): warning C4244: '=': conversion from 'int' to 'float', possible loss of data
D:\Dmet\OpenGLCourseApp-Triangle\OpenGLCourseApp\OpenGLCourseApp\maze.cpp(620,26): warning C4244: '=': conversion from 'int' to 'float', possible loss of data
D:\Dmet\OpenGLCourseApp-Triangle\OpenGLCourseApp\OpenGLCourseApp\maze.cpp(675,14): warning C4244: 'initializing': conversion from 'double' to 'float', possible loss of data
D:\Dmet\OpenGLCourseApp-Triangle\OpenGLCourseApp\OpenGLCourseApp\maze.cpp(714,15): warning C4305: '+=': truncation from 'double' to 'float'
D:\Dmet\OpenGLCourseApp-Triangle\OpenGLCourseApp\OpenGLCourseApp\maze.cpp(715,30): warning C4244: '=': conversion from 'double' to 'float', possible loss of data
D:\Dmet\OpenGLCourseApp-Triangle\OpenGLCourseApp\OpenGLCourseApp\maze.cpp(716,30): warning C4244: '=': conversion from 'double' to 'float', possible loss of data
D:\Dmet\OpenGLCourseApp-Triangle\OpenGLCourseApp\OpenGLCourseApp\maze.cpp(717,17): warning C4244: '=': conversion from 'int' to 'float', possible loss of data
D:\Dmet\OpenGLCourseApp-Triangle\OpenGLCourseApp\OpenGLCourseApp\maze.cpp(725,16): warning C4244: '=': conversion from 'double' to 'float', possible loss of data
D:\Dmet\OpenGLCourseApp-Triangle\OpenGLCourseApp\OpenGLCourseApp\maze.cpp(757,41): warning C4244: 'argument': conversion from 'float' to 'int', possible loss of data
D:\Dmet\OpenGLCourseApp-Triangle\OpenGLCourseApp\OpenGLCourseApp\maze.cpp(758,41): warning C4244: 'argument': conversion from 'float' to 'int', possible loss of data
D:\Dmet\OpenGLCourseApp-Triangle\OpenGLCourseApp\OpenGLCourseApp\maze.cpp(760,32): warning C4244: 'argument': conversion from 'float' to 'int', possible loss of data
D:\Dmet\OpenGLCourseApp-Triangle\OpenGLCourseApp\OpenGLCourseApp\maze.cpp(761,32): warning C4244: 'argument': conversion from 'float' to 'int', possible loss of data
D:\Dmet\OpenGLCourseApp-Triangle\OpenGLCourseApp\OpenGLCourseApp\maze.cpp(768,21): warning C4244: '-=': conversion from 'double' to 'float', possible loss of data
D:\Dmet\OpenGLCourseApp-Triangle\OpenGLCourseApp\OpenGLCourseApp\maze.cpp(769,21): warning C4244: '-=': conversion from 'double' to 'float', possible loss of data
D:\Dmet\OpenGLCourseApp-Triangle\OpenGLCourseApp\OpenGLCourseApp\maze.cpp(774,41): warning C4244: 'argument': conversion from 'float' to 'int', possible loss of data
D:\Dmet\OpenGLCourseApp-Triangle\OpenGLCourseApp\OpenGLCourseApp\maze.cpp(775,41): warning C4244: 'argument': conversion from 'float' to 'int', possible loss of data
D:\Dmet\OpenGLCourseApp-Triangle\OpenGLCourseApp\OpenGLCourseApp\maze.cpp(800,18): warning C4244: '=': conversion from 'int' to 'float', possible loss of data
D:\Dmet\OpenGLCourseApp-Triangle\OpenGLCourseApp\OpenGLCourseApp\maze.cpp(801,18): warning C4244: '=': conversion from 'int' to 'float', possible loss of data
D:\Dmet\OpenGLCourseApp-Triangle\OpenGLCourseApp\OpenGLCourseApp\maze.cpp(802,24): warning C4244: '=': conversion from 'int' to 'float', possible loss of data
D:\Dmet\OpenGLCourseApp-Triangle\OpenGLCourseApp\OpenGLCourseApp\maze.cpp(803,24): warning C4244: '=': conversion from 'int' to 'float', possible loss of data
D:\Dmet\OpenGLCourseApp-Triangle\OpenGLCourseApp\OpenGLCourseApp\maze.cpp(826,45): warning C4244: 'argument': conversion from 'float' to 'int', possible loss of data
D:\Dmet\OpenGLCourseApp-Triangle\OpenGLCourseApp\OpenGLCourseApp\maze.cpp(827,45): warning C4244: 'argument': conversion from 'float' to 'int', possible loss of data
D:\Dmet\OpenGLCourseApp-Triangle\OpenGLCourseApp\OpenGLCourseApp\maze.cpp(829,32): warning C4244: 'argument': conversion from 'float' to 'int', possible loss of data
D:\Dmet\OpenGLCourseApp-Triangle\OpenGLCourseApp\OpenGLCourseApp\maze.cpp(830,32): warning C4244: 'argument': conversion from 'float' to 'int', possible loss of data
D:\Dmet\OpenGLCourseApp-Triangle\OpenGLCourseApp\OpenGLCourseApp\maze.cpp(834,21): warning C4244: '+=': conversion from 'double' to 'float', possible loss of data
D:\Dmet\OpenGLCourseApp-Triangle\OpenGLCourseApp\OpenGLCourseApp\maze.cpp(835,21): warning C4244: '+=': conversion from 'double' to 'float', possible loss of data
D:\Dmet\OpenGLCourseApp-Triangle\OpenGLCourseApp\OpenGLCourseApp\maze.cpp(839,41): warning C4244: 'argument': conversion from 'float' to 'int', possible loss of data
D:\Dmet\OpenGLCourseApp-Triangle\OpenGLCourseApp\OpenGLCourseApp\maze.cpp(840,41): warning C4244: 'argument': conversion from 'float' to 'int', possible loss of data
D:\Dmet\OpenGLCourseApp-Triangle\OpenGLCourseApp\OpenGLCourseApp\maze.cpp(863,37): warning C4244: 'argument': conversion from 'float' to 'int', possible loss of data
D:\Dmet\OpenGLCourseApp-Triangle\OpenGLCourseApp\OpenGLCourseApp\maze.cpp(864,37): warning C4244: 'argument': conversion from 'float' to 'int', possible loss of data
D:\Dmet\OpenGLCourseApp-Triangle\OpenGLCourseApp\OpenGLCourseApp\maze.cpp(979,37): warning C4244: 'argument': conversion from 'float' to 'int', possible loss of data
D:\Dmet\OpenGLCourseApp-Triangle\OpenGLCourseApp\OpenGLCourseApp\maze.cpp(980,37): warning C4244: 'argument': conversion from 'float' to 'int', possible loss of data
D:\Dmet\OpenGLCourseApp-Triangle\OpenGLCourseApp\OpenGLCourseApp\maze.cpp(1058,15): warning C4244: '=': conversion from 'int' to 'float', possible loss of data
D:\Dmet\OpenGLCourseApp-Triangle\OpenGLCourseApp\OpenGLCourseApp\maze.cpp(1059,15): warning C4244: '=': conversion from 'int' to 'float', possible loss of data
maze.obj : error LNK2019: unresolved external symbol _SOIL_load_OGL_texture referenced in function "void __cdecl LoadGLTextures(void)" (?LoadGLTextures@@YAXXZ)
D:\Dmet\OpenGLCourseApp-Triangle\OpenGLCourseApp\Debug\OpenGLCourseApp.exe : fatal error LNK1120: 1 unresolved externals
